{"D:\\dev\\node\\redux-state-observable\\spec-js\\lib\\index.js":{"path":"D:\\dev\\node\\redux-state-observable\\spec-js\\lib\\index.js","s":{"1":1,"2":1,"3":1,"4":1,"5":4,"6":1,"7":4,"8":4,"9":4,"10":4,"11":6,"12":6,"13":4,"14":1},"b":{"1":[1,3]},"f":{"1":4,"2":4,"3":6},"fnMap":{"1":{"name":"getValue$","line":5,"loc":{"start":{"line":5,"column":0},"end":{"line":5,"column":38}}},"2":{"name":"(anonymous_2)","line":8,"loc":{"start":{"line":8,"column":39},"end":{"line":8,"column":59}}},"3":{"name":"(anonymous_3)","line":10,"loc":{"start":{"line":10,"column":42},"end":{"line":10,"column":54}}}},"statementMap":{"1":{"start":{"line":2,"column":0},"end":{"line":2,"column":62}},"2":{"start":{"line":3,"column":0},"end":{"line":3,"column":43}},"3":{"start":{"line":4,"column":0},"end":{"line":4,"column":46}},"4":{"start":{"line":5,"column":0},"end":{"line":16,"column":1}},"5":{"start":{"line":6,"column":4},"end":{"line":6,"column":51}},"6":{"start":{"line":6,"column":33},"end":{"line":6,"column":49}},"7":{"start":{"line":7,"column":4},"end":{"line":7,"column":64}},"8":{"start":{"line":8,"column":4},"end":{"line":15,"column":7}},"9":{"start":{"line":9,"column":8},"end":{"line":9,"column":29}},"10":{"start":{"line":10,"column":8},"end":{"line":13,"column":11}},"11":{"start":{"line":11,"column":12},"end":{"line":11,"column":68}},"12":{"start":{"line":12,"column":12},"end":{"line":12,"column":33}},"13":{"start":{"line":14,"column":8},"end":{"line":14,"column":27}},"14":{"start":{"line":17,"column":0},"end":{"line":17,"column":30}}},"branchMap":{"1":{"line":6,"type":"if","locations":[{"start":{"line":6,"column":4},"end":{"line":6,"column":4}},{"start":{"line":6,"column":4},"end":{"line":6,"column":4}}]}}}}